<?xml version="1.0" encoding="UTF-8" ?>
<testsuite errors="0" failures="0" hostname="Lecoy" name="org.netbeans.modules.compapp.catd.ConfiguredTest" tests="1" time="4.777" timestamp="2010-12-07T22:48:24">
  <properties>
[...]
</properties>
  <testcase classname="org.netbeans.modules.compapp.catd.ConfiguredTest" name="TestCreateBox" time="4.741" />
  <system-out><![CDATA[GenerateATSOutput=${generate.ats.output}
NetBeansUserDir=C:\GlassFishESBv22\.netbeans\glassfishesb
awt.toolkit=sun.awt.windows.WToolkit
file.encoding=Cp1252
file.encoding.pkg=sun.io
file.separator=\
inDebug=${inDebug}
java.awt.graphicsenv=sun.awt.Win32GraphicsEnvironment
java.awt.printerjob=sun.awt.windows.WPrinterJob
java.class.path=C:\GlassFishESBv22\netbeans\soa2\modules\org-netbeans-modules-compapp-manager-jbi.jar;C:\GlassFishESBv22\netbeans\soa2\modules\org-netbeans-modules-compapp-projects-jbi.jar;C:\GlassFishESBv22\netbeans\soa2\modules\ext\jbi\jbi-admin-common.jar;C:\GlassFishESBv22\netbeans\soa2\modules\ext\jbi\catd.jar;C:\GlassFishESBv22\netbeans\java2\modules\ext\junit-3.8.2.jar;C:\GlassFishESBv22\netbeans\java2\modules\ext\jaxws21\api\saaj-api.jar;C:\GlassFishESBv22\netbeans\java2\modules\ext\jaxws21\saaj-impl.jar;C:\GlassFishESBv22\netbeans\java2\modules\ext\jaxws21\FastInfoset.jar;C:\GlassFishESBv22\netbeans\ide11\modules\org-netbeans-modules-editor-lib.jar;C:\GlassFishESBv22\netbeans\ide11\modules\org-netbeans-modules-editor.jar;C:\GlassFishESBv22\netbeans\ide11\modules\org-netbeans-modules-editor-util.jar;C:\GlassFishESBv22\netbeans\ide11\modules\org-netbeans-modules-editor-lib2.jar;C:\GlassFishESBv22\netbeans\ide11\modules\org-netbeans-modules-editor-indent.jar;C:\GlassFishESBv22\netbeans\ide11\modules\org-netbeans-modules-editor-plain.jar;C:\GlassFishESBv22\netbeans\ide11\modules\org-netbeans-modules-editor-plain-lib.jar;C:\GlassFishESBv22\netbeans\ide11\modules\org-netbeans-modules-editor-settings.jar;C:\GlassFishESBv22\netbeans\ide11\modules\org-netbeans-modules-editor-settings-storage.jar;C:\GlassFishESBv22\netbeans\ide11\modules\org-netbeans-modules-lexer.jar;C:\GlassFishESBv22\netbeans\ide11\modules\org-netbeans-modules-xml-core.jar;C:\GlassFishESBv22\netbeans\ide11\modules\org-netbeans-modules-xml-lexer.jar;C:\GlassFishESBv22\netbeans\ide11\modules\org-netbeans-modules-xml-text.jar;C:\GlassFishESBv22\netbeans\ide11\modules\org-netbeans-modules-xml-xdm.jar;C:\GlassFishESBv22\netbeans\ide11\modules\org-netbeans-modules-xml-xam.jar;C:\GlassFishESBv22\netbeans\ide11\modules\org-netbeans-modules-csl-api.jar;C:\GlassFishESBv22\netbeans\ide11\modules\ext\jaxb\activation.jar;C:\GlassFishESBv22\netbeans\platform10\lib\org-openide-modules.jar;C:\GlassFishESBv22\netbeans\platform10\lib\org-openide-util.jar;C:\GlassFishESBv22\netbeans\platform10\modules\org-openide-options.jar;C:\GlassFishESBv22\netbeans\platform10\modules\org-openide-text.jar;C:\GlassFishESBv22\netbeans\platform10\modules\org-openide-loaders.jar;C:\GlassFishESBv22\netbeans\platform10\modules\org-openide-nodes.jar;C:\GlassFishESBv22\netbeans\platform10\modules\org-netbeans-modules-editor-mimelookup.jar;C:\GlassFishESBv22\netbeans\platform10\modules\org-netbeans-modules-editor-mimelookup-impl.jar;C:\GlassFishESBv22\netbeans\platform10\core\org-openide-filesystems.jar;C:\Users\Sylvain\Workspace\ServiceOpenESB\ProcessModel;C:\Program Files (x86)\Java\jre6\lib\ext\QTJava.zip;C:\GlassFishESBv22\netbeans\java2\ant\lib\ant-launcher.jar;C:\GlassFishESBv22\netbeans\java2\ant\lib\ant.jar;C:\GlassFishESBv22\netbeans\java2\ant\patches\72080.jar
java.class.version=50.0
java.endorsed.dirs=C:\Program Files\Java\jdk1.6.0_22\jre\lib\endorsed
java.ext.dirs=C:\Program Files\Java\jdk1.6.0_22\jre\lib\ext;C:\Windows\Sun\Java\lib\ext
java.home=C:\Program Files\Java\jdk1.6.0_22\jre
java.io.tmpdir=C:\Users\Sylvain\AppData\Local\Temp\
java.library.path=C:\Program Files\Java\jdk1.6.0_22\jre\bin;.;C:\Windows\Sun\Java\bin;C:\Windows\system32;C:\Windows;C:\Program Files (x86)\CollabNet\Subversion Client;C:\Windows\system32;C:\Windows;C:\Windows\System32\Wbem;C:\Windows\System32\WindowsPowerShell\v1.0\;;C:\Program Files\Intel\WiFi\bin\;C:\Program Files\Common Files\Intel\WirelessCommon\;C:\Program Files\WIDCOMM\Bluetooth Software\;C:\Program Files\WIDCOMM\Bluetooth Software\syswow64;c:\Program Files (x86)\Microsoft SQL Server\100\Tools\Binn\;c:\Program Files\Microsoft SQL Server\100\Tools\Binn\;c:\Program Files\Microsoft SQL Server\100\DTS\Binn\;C:\Program Files\Java\jdk1.6.0_21\bin;;C:\Program Files (x86)\QuickTime\QTSystem\;"C:\Program Files (x86)\Zend\ZendServer\bin";"C:\Program Files (x86)\Zend\ZendServer\share\ZendFramework\bin";C:\Program Files (x86)\Zend\MySQL51\bin
java.runtime.name=Java(TM) SE Runtime Environment
java.runtime.version=1.6.0_22-b04
java.specification.name=Java Platform API Specification
java.specification.vendor=Sun Microsystems Inc.
java.specification.version=1.6
java.vendor=Sun Microsystems Inc.
java.vendor.url=http://java.sun.com/
java.vendor.url.bug=http://java.sun.com/cgi-bin/bugreport.cgi
java.version=1.6.0_22
java.vm.info=mixed mode
java.vm.name=Java HotSpot(TM) 64-Bit Server VM
java.vm.specification.name=Java Virtual Machine Specification
java.vm.specification.vendor=Sun Microsystems Inc.
java.vm.specification.version=1.0
java.vm.vendor=Sun Microsystems Inc.
java.vm.version=17.1-b03
line.separator=

org.netbeans.modules.compapp.catd.context=
os.arch=amd64
os.name=Windows 7
os.version=6.1
path.separator=;
sun.arch.data.model=64
sun.boot.class.path=C:\Program Files\Java\jdk1.6.0_22\jre\lib\resources.jar;C:\Program Files\Java\jdk1.6.0_22\jre\lib\rt.jar;C:\Program Files\Java\jdk1.6.0_22\jre\lib\sunrsasign.jar;C:\Program Files\Java\jdk1.6.0_22\jre\lib\jsse.jar;C:\Program Files\Java\jdk1.6.0_22\jre\lib\jce.jar;C:\Program Files\Java\jdk1.6.0_22\jre\lib\charsets.jar;C:\Program Files\Java\jdk1.6.0_22\jre\classes
sun.boot.library.path=C:\Program Files\Java\jdk1.6.0_22\jre\bin
sun.cpu.endian=little
sun.cpu.isalist=amd64
sun.desktop=windows
sun.io.unicode.encoding=UnicodeLittle
sun.java.launcher=SUN_STANDARD
sun.jnu.encoding=Cp1252
sun.management.compiler=HotSpot 64-Bit Server Compiler
sun.os.patch.level=
user.country=FR
user.dir=C:\Users\Sylvain\Workspace\ServiceOpenESB\ProcessModel
user.home=C:\Users\Sylvain
user.language=fr
user.name=Sylvain
user.timezone=Europe/Paris
user.variant=
Test TestCreateBox\Concurrent.properties Passed. Threads count Success: <1> Error: <0> Not completed: <0>
]]></system-out>
  <system-err><![CDATA[7 déc. 2010 23:48:29 org.netbeans.modules.csl.core.LanguageRegistry readSfs
INFO: No CslPlugins folder
]]></system-err>
</testsuite>
